
  .   ____          _            __ _ _
 /\\ / ___'_ __ _ _(_)_ __  __ _ \ \ \ \
( ( )\___ | '_ | '_| | '_ \/ _` | \ \ \ \
 \\/  ___)| |_)| | | | | || (_| |  ) ) ) )
  '  |____| .__|_| |_|_| |_\__, | / / / /
 =========|_|==============|___/=/_/_/_/

 :: Spring Boot ::                (v3.3.4)

2025-09-09T11:38:38.470+09:00  INFO 9096 --- [           main] kr.goodee.StswebjpaApplication           : Starting StswebjpaApplication v0.0.1-SNAPSHOT using Java 17.0.16 with PID 9096 (/home/sunny/stswebjpa/target/stswebjpa-0.0.1-SNAPSHOT.jar started by sunny in /home/sunny/stswebjpa)
2025-09-09T11:38:38.473+09:00  INFO 9096 --- [           main] kr.goodee.StswebjpaApplication           : No active profile set, falling back to 1 default profile: "default"
2025-09-09T11:38:39.256+09:00  INFO 9096 --- [           main] .s.d.r.c.RepositoryConfigurationDelegate : Bootstrapping Spring Data JPA repositories in DEFAULT mode.
2025-09-09T11:38:39.343+09:00  INFO 9096 --- [           main] .s.d.r.c.RepositoryConfigurationDelegate : Finished Spring Data repository scanning in 72 ms. Found 1 JPA repository interface.
2025-09-09T11:38:39.937+09:00  INFO 9096 --- [           main] o.s.b.w.embedded.tomcat.TomcatWebServer  : Tomcat initialized with port 8080 (http)
2025-09-09T11:38:39.948+09:00  INFO 9096 --- [           main] o.apache.catalina.core.StandardService   : Starting service [Tomcat]
2025-09-09T11:38:39.949+09:00  INFO 9096 --- [           main] o.apache.catalina.core.StandardEngine    : Starting Servlet engine: [Apache Tomcat/10.1.30]
2025-09-09T11:38:39.981+09:00  INFO 9096 --- [           main] o.a.c.c.C.[Tomcat].[localhost].[/]       : Initializing Spring embedded WebApplicationContext
2025-09-09T11:38:39.982+09:00  INFO 9096 --- [           main] w.s.c.ServletWebServerApplicationContext : Root WebApplicationContext: initialization completed in 1448 ms
2025-09-09T11:38:40.157+09:00  INFO 9096 --- [           main] o.hibernate.jpa.internal.util.LogHelper  : HHH000204: Processing PersistenceUnitInfo [name: default]
2025-09-09T11:38:40.269+09:00  INFO 9096 --- [           main] org.hibernate.Version                    : HHH000412: Hibernate ORM core version 6.5.3.Final
2025-09-09T11:38:40.300+09:00  INFO 9096 --- [           main] o.h.c.internal.RegionFactoryInitiator    : HHH000026: Second-level cache disabled
2025-09-09T11:38:40.565+09:00  INFO 9096 --- [           main] o.s.o.j.p.SpringPersistenceUnitInfo      : No LoadTimeWeaver setup: ignoring JPA class transformer
2025-09-09T11:38:40.595+09:00  INFO 9096 --- [           main] com.zaxxer.hikari.HikariDataSource       : HikariPool-1 - Starting...
2025-09-09T11:38:40.694+09:00  INFO 9096 --- [           main] com.zaxxer.hikari.pool.HikariPool        : HikariPool-1 - Added connection org.mariadb.jdbc.Connection@1216eb3f
2025-09-09T11:38:40.695+09:00  INFO 9096 --- [           main] com.zaxxer.hikari.HikariDataSource       : HikariPool-1 - Start completed.
2025-09-09T11:38:41.303+09:00  INFO 9096 --- [           main] o.h.e.t.j.p.i.JtaPlatformInitiator       : HHH000489: No JTA platform available (set 'hibernate.transaction.jta.platform' to enable JTA platform integration)
2025-09-09T11:38:41.327+09:00  INFO 9096 --- [           main] j.LocalContainerEntityManagerFactoryBean : Initialized JPA EntityManagerFactory for persistence unit 'default'
2025-09-09T11:38:41.686+09:00  WARN 9096 --- [           main] JpaBaseConfiguration$JpaWebConfiguration : spring.jpa.open-in-view is enabled by default. Therefore, database queries may be performed during view rendering. Explicitly configure spring.jpa.open-in-view to disable this warning
2025-09-09T11:38:42.111+09:00  INFO 9096 --- [           main] o.s.b.w.embedded.tomcat.TomcatWebServer  : Tomcat started on port 8080 (http) with context path '/'
2025-09-09T11:38:42.142+09:00  INFO 9096 --- [           main] kr.goodee.StswebjpaApplication           : Started StswebjpaApplication in 4.077 seconds (process running for 4.78)
2025-09-09T11:38:53.409+09:00  INFO 9096 --- [nio-8080-exec-1] o.a.c.c.C.[Tomcat].[localhost].[/]       : Initializing Spring DispatcherServlet 'dispatcherServlet'
2025-09-09T11:38:53.409+09:00  INFO 9096 --- [nio-8080-exec-1] o.s.web.servlet.DispatcherServlet        : Initializing Servlet 'dispatcherServlet'
2025-09-09T11:38:53.410+09:00  INFO 9096 --- [nio-8080-exec-1] o.s.web.servlet.DispatcherServlet        : Completed initialization in 1 ms
Hibernate: 
    select
        m1_0.mb_seq,
        m1_0.mb_email,
        m1_0.mb_id,
        m1_0.mb_name,
        m1_0.mb_nickname 
    from
        mem m1_0
2025-09-09T11:41:09.467+09:00  INFO 9096 --- [ionShutdownHook] j.LocalContainerEntityManagerFactoryBean : Closing JPA EntityManagerFactory for persistence unit 'default'
2025-09-09T11:41:09.472+09:00  INFO 9096 --- [ionShutdownHook] com.zaxxer.hikari.HikariDataSource       : HikariPool-1 - Shutdown initiated...
2025-09-09T11:41:09.479+09:00  INFO 9096 --- [ionShutdownHook] com.zaxxer.hikari.HikariDataSource       : HikariPool-1 - Shutdown completed.

  .   ____          _            __ _ _
 /\\ / ___'_ __ _ _(_)_ __  __ _ \ \ \ \
( ( )\___ | '_ | '_| | '_ \/ _` | \ \ \ \
 \\/  ___)| |_)| | | | | || (_| |  ) ) ) )
  '  |____| .__|_| |_|_| |_\__, | / / / /
 =========|_|==============|___/=/_/_/_/

 :: Spring Boot ::                (v3.3.4)

2025-09-09T11:48:46.556+09:00  INFO 9404 --- [           main] kr.goodee.StswebjpaApplication           : Starting StswebjpaApplication v0.0.1-SNAPSHOT using Java 17.0.16 with PID 9404 (/home/sunny/stswebjpa/target/stswebjpa-0.0.1-SNAPSHOT.jar started by sunny in /home/sunny/stswebjpa)
2025-09-09T11:48:46.561+09:00  INFO 9404 --- [           main] kr.goodee.StswebjpaApplication           : No active profile set, falling back to 1 default profile: "default"
2025-09-09T11:48:47.182+09:00  INFO 9404 --- [           main] .s.d.r.c.RepositoryConfigurationDelegate : Bootstrapping Spring Data JPA repositories in DEFAULT mode.
2025-09-09T11:48:47.237+09:00  INFO 9404 --- [           main] .s.d.r.c.RepositoryConfigurationDelegate : Finished Spring Data repository scanning in 50 ms. Found 1 JPA repository interface.
2025-09-09T11:48:47.703+09:00  INFO 9404 --- [           main] o.s.b.w.embedded.tomcat.TomcatWebServer  : Tomcat initialized with port 80 (http)
2025-09-09T11:48:47.721+09:00  INFO 9404 --- [           main] o.apache.catalina.core.StandardService   : Starting service [Tomcat]
2025-09-09T11:48:47.721+09:00  INFO 9404 --- [           main] o.apache.catalina.core.StandardEngine    : Starting Servlet engine: [Apache Tomcat/10.1.30]
2025-09-09T11:48:47.760+09:00  INFO 9404 --- [           main] o.a.c.c.C.[Tomcat].[localhost].[/]       : Initializing Spring embedded WebApplicationContext
2025-09-09T11:48:47.762+09:00  INFO 9404 --- [           main] w.s.c.ServletWebServerApplicationContext : Root WebApplicationContext: initialization completed in 1142 ms
2025-09-09T11:48:47.908+09:00  INFO 9404 --- [           main] o.hibernate.jpa.internal.util.LogHelper  : HHH000204: Processing PersistenceUnitInfo [name: default]
2025-09-09T11:48:47.945+09:00  INFO 9404 --- [           main] org.hibernate.Version                    : HHH000412: Hibernate ORM core version 6.5.3.Final
2025-09-09T11:48:47.969+09:00  INFO 9404 --- [           main] o.h.c.internal.RegionFactoryInitiator    : HHH000026: Second-level cache disabled
2025-09-09T11:48:48.138+09:00  INFO 9404 --- [           main] o.s.o.j.p.SpringPersistenceUnitInfo      : No LoadTimeWeaver setup: ignoring JPA class transformer
2025-09-09T11:48:48.170+09:00  INFO 9404 --- [           main] com.zaxxer.hikari.HikariDataSource       : HikariPool-1 - Starting...
2025-09-09T11:48:48.279+09:00  INFO 9404 --- [           main] com.zaxxer.hikari.pool.HikariPool        : HikariPool-1 - Added connection org.mariadb.jdbc.Connection@4bce62b
2025-09-09T11:48:48.280+09:00  INFO 9404 --- [           main] com.zaxxer.hikari.HikariDataSource       : HikariPool-1 - Start completed.
2025-09-09T11:48:48.795+09:00  INFO 9404 --- [           main] o.h.e.t.j.p.i.JtaPlatformInitiator       : HHH000489: No JTA platform available (set 'hibernate.transaction.jta.platform' to enable JTA platform integration)
2025-09-09T11:48:48.813+09:00  INFO 9404 --- [           main] j.LocalContainerEntityManagerFactoryBean : Initialized JPA EntityManagerFactory for persistence unit 'default'
2025-09-09T11:48:49.134+09:00  WARN 9404 --- [           main] JpaBaseConfiguration$JpaWebConfiguration : spring.jpa.open-in-view is enabled by default. Therefore, database queries may be performed during view rendering. Explicitly configure spring.jpa.open-in-view to disable this warning
2025-09-09T11:48:49.523+09:00  WARN 9404 --- [           main] ConfigServletWebServerApplicationContext : Exception encountered during context initialization - cancelling refresh attempt: org.springframework.context.ApplicationContextException: Failed to start bean 'webServerStartStop'
2025-09-09T11:48:49.524+09:00  INFO 9404 --- [           main] j.LocalContainerEntityManagerFactoryBean : Closing JPA EntityManagerFactory for persistence unit 'default'
2025-09-09T11:48:49.527+09:00  INFO 9404 --- [           main] com.zaxxer.hikari.HikariDataSource       : HikariPool-1 - Shutdown initiated...
2025-09-09T11:48:49.532+09:00  INFO 9404 --- [           main] com.zaxxer.hikari.HikariDataSource       : HikariPool-1 - Shutdown completed.
2025-09-09T11:48:49.544+09:00  INFO 9404 --- [           main] .s.b.a.l.ConditionEvaluationReportLogger : 

Error starting ApplicationContext. To display the condition evaluation report re-run your application with 'debug' enabled.
2025-09-09T11:48:49.563+09:00 ERROR 9404 --- [           main] o.s.boot.SpringApplication               : Application run failed

org.springframework.context.ApplicationContextException: Failed to start bean 'webServerStartStop'
	at org.springframework.context.support.DefaultLifecycleProcessor.doStart(DefaultLifecycleProcessor.java:288) ~[spring-context-6.1.13.jar!/:6.1.13]
	at org.springframework.context.support.DefaultLifecycleProcessor$LifecycleGroup.start(DefaultLifecycleProcessor.java:472) ~[spring-context-6.1.13.jar!/:6.1.13]
	at java.base/java.lang.Iterable.forEach(Iterable.java:75) ~[na:na]
	at org.springframework.context.support.DefaultLifecycleProcessor.startBeans(DefaultLifecycleProcessor.java:257) ~[spring-context-6.1.13.jar!/:6.1.13]
	at org.springframework.context.support.DefaultLifecycleProcessor.onRefresh(DefaultLifecycleProcessor.java:202) ~[spring-context-6.1.13.jar!/:6.1.13]
	at org.springframework.context.support.AbstractApplicationContext.finishRefresh(AbstractApplicationContext.java:990) ~[spring-context-6.1.13.jar!/:6.1.13]
	at org.springframework.context.support.AbstractApplicationContext.refresh(AbstractApplicationContext.java:628) ~[spring-context-6.1.13.jar!/:6.1.13]
	at org.springframework.boot.web.servlet.context.ServletWebServerApplicationContext.refresh(ServletWebServerApplicationContext.java:146) ~[spring-boot-3.3.4.jar!/:3.3.4]
	at org.springframework.boot.SpringApplication.refresh(SpringApplication.java:754) ~[spring-boot-3.3.4.jar!/:3.3.4]
	at org.springframework.boot.SpringApplication.refreshContext(SpringApplication.java:456) ~[spring-boot-3.3.4.jar!/:3.3.4]
	at org.springframework.boot.SpringApplication.run(SpringApplication.java:335) ~[spring-boot-3.3.4.jar!/:3.3.4]
	at org.springframework.boot.SpringApplication.run(SpringApplication.java:1363) ~[spring-boot-3.3.4.jar!/:3.3.4]
	at org.springframework.boot.SpringApplication.run(SpringApplication.java:1352) ~[spring-boot-3.3.4.jar!/:3.3.4]
	at kr.goodee.StswebjpaApplication.main(StswebjpaApplication.java:17) ~[!/:0.0.1-SNAPSHOT]
	at java.base/jdk.internal.reflect.NativeMethodAccessorImpl.invoke0(Native Method) ~[na:na]
	at java.base/jdk.internal.reflect.NativeMethodAccessorImpl.invoke(NativeMethodAccessorImpl.java:77) ~[na:na]
	at java.base/jdk.internal.reflect.DelegatingMethodAccessorImpl.invoke(DelegatingMethodAccessorImpl.java:43) ~[na:na]
	at java.base/java.lang.reflect.Method.invoke(Method.java:569) ~[na:na]
	at org.springframework.boot.loader.launch.Launcher.launch(Launcher.java:102) ~[stswebjpa-0.0.1-SNAPSHOT.jar:0.0.1-SNAPSHOT]
	at org.springframework.boot.loader.launch.Launcher.launch(Launcher.java:64) ~[stswebjpa-0.0.1-SNAPSHOT.jar:0.0.1-SNAPSHOT]
	at org.springframework.boot.loader.launch.JarLauncher.main(JarLauncher.java:40) ~[stswebjpa-0.0.1-SNAPSHOT.jar:0.0.1-SNAPSHOT]
Caused by: org.springframework.boot.web.server.WebServerException: Unable to start embedded Tomcat server
	at org.springframework.boot.web.embedded.tomcat.TomcatWebServer.start(TomcatWebServer.java:251) ~[spring-boot-3.3.4.jar!/:3.3.4]
	at org.springframework.boot.web.servlet.context.WebServerStartStopLifecycle.start(WebServerStartStopLifecycle.java:44) ~[spring-boot-3.3.4.jar!/:3.3.4]
	at org.springframework.context.support.DefaultLifecycleProcessor.doStart(DefaultLifecycleProcessor.java:285) ~[spring-context-6.1.13.jar!/:6.1.13]
	... 20 common frames omitted
Caused by: java.lang.IllegalArgumentException: standardService.connector.startFailed
	at org.apache.catalina.core.StandardService.addConnector(StandardService.java:222) ~[tomcat-embed-core-10.1.30.jar!/:na]
	at org.springframework.boot.web.embedded.tomcat.TomcatWebServer.addPreviouslyRemovedConnectors(TomcatWebServer.java:310) ~[spring-boot-3.3.4.jar!/:3.3.4]
	at org.springframework.boot.web.embedded.tomcat.TomcatWebServer.start(TomcatWebServer.java:236) ~[spring-boot-3.3.4.jar!/:3.3.4]
	... 22 common frames omitted
Caused by: org.apache.catalina.LifecycleException: Protocol handler start failed
	at org.apache.catalina.connector.Connector.startInternal(Connector.java:1061) ~[tomcat-embed-core-10.1.30.jar!/:na]
	at org.apache.catalina.util.LifecycleBase.start(LifecycleBase.java:164) ~[tomcat-embed-core-10.1.30.jar!/:na]
	at org.apache.catalina.core.StandardService.addConnector(StandardService.java:219) ~[tomcat-embed-core-10.1.30.jar!/:na]
	... 24 common frames omitted
Caused by: java.net.BindException: Permission denied
	at java.base/sun.nio.ch.Net.bind0(Native Method) ~[na:na]
	at java.base/sun.nio.ch.Net.bind(Net.java:555) ~[na:na]
	at java.base/sun.nio.ch.ServerSocketChannelImpl.netBind(ServerSocketChannelImpl.java:337) ~[na:na]
	at java.base/sun.nio.ch.ServerSocketChannelImpl.bind(ServerSocketChannelImpl.java:294) ~[na:na]
	at org.apache.tomcat.util.net.NioEndpoint.initServerSocket(NioEndpoint.java:239) ~[tomcat-embed-core-10.1.30.jar!/:na]
	at org.apache.tomcat.util.net.NioEndpoint.bind(NioEndpoint.java:194) ~[tomcat-embed-core-10.1.30.jar!/:na]
	at org.apache.tomcat.util.net.AbstractEndpoint.bindWithCleanup(AbstractEndpoint.java:1304) ~[tomcat-embed-core-10.1.30.jar!/:na]
	at org.apache.tomcat.util.net.AbstractEndpoint.start(AbstractEndpoint.java:1390) ~[tomcat-embed-core-10.1.30.jar!/:na]
	at org.apache.coyote.AbstractProtocol.start(AbstractProtocol.java:644) ~[tomcat-embed-core-10.1.30.jar!/:na]
	at org.apache.catalina.connector.Connector.startInternal(Connector.java:1058) ~[tomcat-embed-core-10.1.30.jar!/:na]
	... 26 common frames omitted


  .   ____          _            __ _ _
 /\\ / ___'_ __ _ _(_)_ __  __ _ \ \ \ \
( ( )\___ | '_ | '_| | '_ \/ _` | \ \ \ \
 \\/  ___)| |_)| | | | | || (_| |  ) ) ) )
  '  |____| .__|_| |_|_| |_\__, | / / / /
 =========|_|==============|___/=/_/_/_/

 :: Spring Boot ::                (v3.3.4)

2025-09-09T11:57:43.482+09:00  INFO 9455 --- [           main] kr.goodee.StswebjpaApplication           : Starting StswebjpaApplication v0.0.1-SNAPSHOT using Java 17.0.16 with PID 9455 (/home/sunny/stswebjpa/target/stswebjpa-0.0.1-SNAPSHOT.jar started by root in /home/sunny/stswebjpa)
2025-09-09T11:57:43.487+09:00  INFO 9455 --- [           main] kr.goodee.StswebjpaApplication           : No active profile set, falling back to 1 default profile: "default"
2025-09-09T11:57:44.259+09:00  INFO 9455 --- [           main] .s.d.r.c.RepositoryConfigurationDelegate : Bootstrapping Spring Data JPA repositories in DEFAULT mode.
2025-09-09T11:57:44.334+09:00  INFO 9455 --- [           main] .s.d.r.c.RepositoryConfigurationDelegate : Finished Spring Data repository scanning in 61 ms. Found 1 JPA repository interface.
2025-09-09T11:57:44.853+09:00  INFO 9455 --- [           main] o.s.b.w.embedded.tomcat.TomcatWebServer  : Tomcat initialized with port 80 (http)
2025-09-09T11:57:44.865+09:00  INFO 9455 --- [           main] o.apache.catalina.core.StandardService   : Starting service [Tomcat]
2025-09-09T11:57:44.866+09:00  INFO 9455 --- [           main] o.apache.catalina.core.StandardEngine    : Starting Servlet engine: [Apache Tomcat/10.1.30]
2025-09-09T11:57:44.903+09:00  INFO 9455 --- [           main] o.a.c.c.C.[Tomcat].[localhost].[/]       : Initializing Spring embedded WebApplicationContext
2025-09-09T11:57:44.904+09:00  INFO 9455 --- [           main] w.s.c.ServletWebServerApplicationContext : Root WebApplicationContext: initialization completed in 1344 ms
2025-09-09T11:57:45.083+09:00  INFO 9455 --- [           main] o.hibernate.jpa.internal.util.LogHelper  : HHH000204: Processing PersistenceUnitInfo [name: default]
2025-09-09T11:57:45.147+09:00  INFO 9455 --- [           main] org.hibernate.Version                    : HHH000412: Hibernate ORM core version 6.5.3.Final
2025-09-09T11:57:45.191+09:00  INFO 9455 --- [           main] o.h.c.internal.RegionFactoryInitiator    : HHH000026: Second-level cache disabled
2025-09-09T11:57:45.485+09:00  INFO 9455 --- [           main] o.s.o.j.p.SpringPersistenceUnitInfo      : No LoadTimeWeaver setup: ignoring JPA class transformer
2025-09-09T11:57:45.529+09:00  INFO 9455 --- [           main] com.zaxxer.hikari.HikariDataSource       : HikariPool-1 - Starting...
2025-09-09T11:57:45.628+09:00  INFO 9455 --- [           main] com.zaxxer.hikari.pool.HikariPool        : HikariPool-1 - Added connection org.mariadb.jdbc.Connection@59e7564b
2025-09-09T11:57:45.630+09:00  INFO 9455 --- [           main] com.zaxxer.hikari.HikariDataSource       : HikariPool-1 - Start completed.
2025-09-09T11:57:46.173+09:00  INFO 9455 --- [           main] o.h.e.t.j.p.i.JtaPlatformInitiator       : HHH000489: No JTA platform available (set 'hibernate.transaction.jta.platform' to enable JTA platform integration)
2025-09-09T11:57:46.196+09:00  INFO 9455 --- [           main] j.LocalContainerEntityManagerFactoryBean : Initialized JPA EntityManagerFactory for persistence unit 'default'
2025-09-09T11:57:46.572+09:00  WARN 9455 --- [           main] JpaBaseConfiguration$JpaWebConfiguration : spring.jpa.open-in-view is enabled by default. Therefore, database queries may be performed during view rendering. Explicitly configure spring.jpa.open-in-view to disable this warning
2025-09-09T11:57:47.019+09:00  INFO 9455 --- [           main] o.s.b.w.embedded.tomcat.TomcatWebServer  : Tomcat started on port 80 (http) with context path '/'
2025-09-09T11:57:47.047+09:00  INFO 9455 --- [           main] kr.goodee.StswebjpaApplication           : Started StswebjpaApplication in 3.97 seconds (process running for 4.667)
2025-09-09T15:06:15.334+09:00  INFO 9455 --- [ionShutdownHook] j.LocalContainerEntityManagerFactoryBean : Closing JPA EntityManagerFactory for persistence unit 'default'
2025-09-09T15:06:15.353+09:00  INFO 9455 --- [ionShutdownHook] com.zaxxer.hikari.HikariDataSource       : HikariPool-1 - Shutdown initiated...
2025-09-09T15:06:15.361+09:00  INFO 9455 --- [ionShutdownHook] com.zaxxer.hikari.HikariDataSource       : HikariPool-1 - Shutdown completed.

  .   ____          _            __ _ _
 /\\ / ___'_ __ _ _(_)_ __  __ _ \ \ \ \
( ( )\___ | '_ | '_| | '_ \/ _` | \ \ \ \
 \\/  ___)| |_)| | | | | || (_| |  ) ) ) )
  '  |____| .__|_| |_|_| |_\__, | / / / /
 =========|_|==============|___/=/_/_/_/

 :: Spring Boot ::                (v3.3.4)

2025-09-09T16:28:05.459+09:00  INFO 11092 --- [           main] kr.goodee.StswebjpaApplication           : Starting StswebjpaApplication v0.0.1-SNAPSHOT using Java 17.0.16 with PID 11092 (/home/sunny/stswebjpa/target/stswebjpa-0.0.1-SNAPSHOT.jar started by root in /home/sunny/stswebjpa)
2025-09-09T16:28:05.462+09:00  INFO 11092 --- [           main] kr.goodee.StswebjpaApplication           : No active profile set, falling back to 1 default profile: "default"
2025-09-09T16:28:06.262+09:00  INFO 11092 --- [           main] .s.d.r.c.RepositoryConfigurationDelegate : Bootstrapping Spring Data JPA repositories in DEFAULT mode.
2025-09-09T16:28:06.348+09:00  INFO 11092 --- [           main] .s.d.r.c.RepositoryConfigurationDelegate : Finished Spring Data repository scanning in 65 ms. Found 1 JPA repository interface.
2025-09-09T16:28:06.882+09:00  INFO 11092 --- [           main] o.s.b.w.embedded.tomcat.TomcatWebServer  : Tomcat initialized with port 80 (http)
2025-09-09T16:28:06.897+09:00  INFO 11092 --- [           main] o.apache.catalina.core.StandardService   : Starting service [Tomcat]
2025-09-09T16:28:06.898+09:00  INFO 11092 --- [           main] o.apache.catalina.core.StandardEngine    : Starting Servlet engine: [Apache Tomcat/10.1.30]
2025-09-09T16:28:06.931+09:00  INFO 11092 --- [           main] o.a.c.c.C.[Tomcat].[localhost].[/]       : Initializing Spring embedded WebApplicationContext
2025-09-09T16:28:06.932+09:00  INFO 11092 --- [           main] w.s.c.ServletWebServerApplicationContext : Root WebApplicationContext: initialization completed in 1412 ms
2025-09-09T16:28:07.113+09:00  INFO 11092 --- [           main] o.hibernate.jpa.internal.util.LogHelper  : HHH000204: Processing PersistenceUnitInfo [name: default]
2025-09-09T16:28:07.190+09:00  INFO 11092 --- [           main] org.hibernate.Version                    : HHH000412: Hibernate ORM core version 6.5.3.Final
2025-09-09T16:28:07.224+09:00  INFO 11092 --- [           main] o.h.c.internal.RegionFactoryInitiator    : HHH000026: Second-level cache disabled
2025-09-09T16:28:07.536+09:00  INFO 11092 --- [           main] o.s.o.j.p.SpringPersistenceUnitInfo      : No LoadTimeWeaver setup: ignoring JPA class transformer
2025-09-09T16:28:07.579+09:00  INFO 11092 --- [           main] com.zaxxer.hikari.HikariDataSource       : HikariPool-1 - Starting...
2025-09-09T16:28:07.679+09:00  INFO 11092 --- [           main] com.zaxxer.hikari.pool.HikariPool        : HikariPool-1 - Added connection org.mariadb.jdbc.Connection@1216eb3f
2025-09-09T16:28:07.680+09:00  INFO 11092 --- [           main] com.zaxxer.hikari.HikariDataSource       : HikariPool-1 - Start completed.
2025-09-09T16:28:08.317+09:00  INFO 11092 --- [           main] o.h.e.t.j.p.i.JtaPlatformInitiator       : HHH000489: No JTA platform available (set 'hibernate.transaction.jta.platform' to enable JTA platform integration)
2025-09-09T16:28:08.345+09:00  INFO 11092 --- [           main] j.LocalContainerEntityManagerFactoryBean : Initialized JPA EntityManagerFactory for persistence unit 'default'
2025-09-09T16:28:08.737+09:00  WARN 11092 --- [           main] JpaBaseConfiguration$JpaWebConfiguration : spring.jpa.open-in-view is enabled by default. Therefore, database queries may be performed during view rendering. Explicitly configure spring.jpa.open-in-view to disable this warning
2025-09-09T16:28:09.197+09:00  INFO 11092 --- [           main] o.s.b.w.embedded.tomcat.TomcatWebServer  : Tomcat started on port 80 (http) with context path '/'
2025-09-09T16:28:09.225+09:00  INFO 11092 --- [           main] kr.goodee.StswebjpaApplication           : Started StswebjpaApplication in 4.171 seconds (process running for 4.878)
2025-09-09T16:29:49.573+09:00  INFO 11092 --- [ionShutdownHook] j.LocalContainerEntityManagerFactoryBean : Closing JPA EntityManagerFactory for persistence unit 'default'
2025-09-09T16:29:49.577+09:00  INFO 11092 --- [ionShutdownHook] com.zaxxer.hikari.HikariDataSource       : HikariPool-1 - Shutdown initiated...
2025-09-09T16:29:49.583+09:00  INFO 11092 --- [ionShutdownHook] com.zaxxer.hikari.HikariDataSource       : HikariPool-1 - Shutdown completed.

  .   ____          _            __ _ _
 /\\ / ___'_ __ _ _(_)_ __  __ _ \ \ \ \
( ( )\___ | '_ | '_| | '_ \/ _` | \ \ \ \
 \\/  ___)| |_)| | | | | || (_| |  ) ) ) )
  '  |____| .__|_| |_|_| |_\__, | / / / /
 =========|_|==============|___/=/_/_/_/

 :: Spring Boot ::                (v3.3.4)

2025-09-09T16:30:21.152+09:00  INFO 11168 --- [           main] kr.goodee.StswebjpaApplication           : Starting StswebjpaApplication v0.0.1-SNAPSHOT using Java 17.0.16 with PID 11168 (/home/sunny/stswebjpa/target/stswebjpa-0.0.1-SNAPSHOT.jar started by root in /home/sunny/stswebjpa)
2025-09-09T16:30:21.155+09:00  INFO 11168 --- [           main] kr.goodee.StswebjpaApplication           : No active profile set, falling back to 1 default profile: "default"
2025-09-09T16:30:22.034+09:00  INFO 11168 --- [           main] .s.d.r.c.RepositoryConfigurationDelegate : Bootstrapping Spring Data JPA repositories in DEFAULT mode.
2025-09-09T16:30:22.106+09:00  INFO 11168 --- [           main] .s.d.r.c.RepositoryConfigurationDelegate : Finished Spring Data repository scanning in 59 ms. Found 1 JPA repository interface.
2025-09-09T16:30:22.703+09:00  INFO 11168 --- [           main] o.s.b.w.embedded.tomcat.TomcatWebServer  : Tomcat initialized with port 80 (http)
2025-09-09T16:30:22.715+09:00  INFO 11168 --- [           main] o.apache.catalina.core.StandardService   : Starting service [Tomcat]
2025-09-09T16:30:22.715+09:00  INFO 11168 --- [           main] o.apache.catalina.core.StandardEngine    : Starting Servlet engine: [Apache Tomcat/10.1.30]
2025-09-09T16:30:22.749+09:00  INFO 11168 --- [           main] o.a.c.c.C.[Tomcat].[localhost].[/]       : Initializing Spring embedded WebApplicationContext
2025-09-09T16:30:22.751+09:00  INFO 11168 --- [           main] w.s.c.ServletWebServerApplicationContext : Root WebApplicationContext: initialization completed in 1524 ms
2025-09-09T16:30:22.955+09:00  INFO 11168 --- [           main] o.hibernate.jpa.internal.util.LogHelper  : HHH000204: Processing PersistenceUnitInfo [name: default]
2025-09-09T16:30:23.033+09:00  INFO 11168 --- [           main] org.hibernate.Version                    : HHH000412: Hibernate ORM core version 6.5.3.Final
2025-09-09T16:30:23.063+09:00  INFO 11168 --- [           main] o.h.c.internal.RegionFactoryInitiator    : HHH000026: Second-level cache disabled
2025-09-09T16:30:23.347+09:00  INFO 11168 --- [           main] o.s.o.j.p.SpringPersistenceUnitInfo      : No LoadTimeWeaver setup: ignoring JPA class transformer
2025-09-09T16:30:23.382+09:00  INFO 11168 --- [           main] com.zaxxer.hikari.HikariDataSource       : HikariPool-1 - Starting...
2025-09-09T16:30:23.482+09:00  INFO 11168 --- [           main] com.zaxxer.hikari.pool.HikariPool        : HikariPool-1 - Added connection org.mariadb.jdbc.Connection@5d9d2119
2025-09-09T16:30:23.483+09:00  INFO 11168 --- [           main] com.zaxxer.hikari.HikariDataSource       : HikariPool-1 - Start completed.
2025-09-09T16:30:24.062+09:00  INFO 11168 --- [           main] o.h.e.t.j.p.i.JtaPlatformInitiator       : HHH000489: No JTA platform available (set 'hibernate.transaction.jta.platform' to enable JTA platform integration)
2025-09-09T16:30:24.084+09:00  INFO 11168 --- [           main] j.LocalContainerEntityManagerFactoryBean : Initialized JPA EntityManagerFactory for persistence unit 'default'
2025-09-09T16:30:24.446+09:00  WARN 11168 --- [           main] JpaBaseConfiguration$JpaWebConfiguration : spring.jpa.open-in-view is enabled by default. Therefore, database queries may be performed during view rendering. Explicitly configure spring.jpa.open-in-view to disable this warning
2025-09-09T16:30:24.903+09:00  INFO 11168 --- [           main] o.s.b.w.embedded.tomcat.TomcatWebServer  : Tomcat started on port 80 (http) with context path '/'
2025-09-09T16:30:24.930+09:00  INFO 11168 --- [           main] kr.goodee.StswebjpaApplication           : Started StswebjpaApplication in 4.212 seconds (process running for 4.909)
Error: Unable to access jarfile target/stswebjpa-0.0.1-SNAPHOT.jar
Error: Unable to access jarfile target/stswebjpa-0.0.1-SNAPHOT.jar

  .   ____          _            __ _ _
 /\\ / ___'_ __ _ _(_)_ __  __ _ \ \ \ \
( ( )\___ | '_ | '_| | '_ \/ _` | \ \ \ \
 \\/  ___)| |_)| | | | | || (_| |  ) ) ) )
  '  |____| .__|_| |_|_| |_\__, | / / / /
 =========|_|==============|___/=/_/_/_/

 :: Spring Boot ::                (v3.3.4)

2025-09-09T16:43:27.958+09:00  INFO 11331 --- [           main] kr.goodee.StswebjpaApplication           : Starting StswebjpaApplication v0.0.1-SNAPSHOT using Java 17.0.16 with PID 11331 (/home/sunny/stswebjpa/target/stswebjpa-0.0.1-SNAPSHOT.jar started by root in /home/sunny/stswebjpa)
2025-09-09T16:43:27.960+09:00  INFO 11331 --- [           main] kr.goodee.StswebjpaApplication           : No active profile set, falling back to 1 default profile: "default"
2025-09-09T16:43:28.821+09:00  INFO 11331 --- [           main] .s.d.r.c.RepositoryConfigurationDelegate : Bootstrapping Spring Data JPA repositories in DEFAULT mode.
2025-09-09T16:43:28.913+09:00  INFO 11331 --- [           main] .s.d.r.c.RepositoryConfigurationDelegate : Finished Spring Data repository scanning in 80 ms. Found 1 JPA repository interface.
2025-09-09T16:43:29.467+09:00  INFO 11331 --- [           main] o.s.b.w.embedded.tomcat.TomcatWebServer  : Tomcat initialized with port 80 (http)
2025-09-09T16:43:29.481+09:00  INFO 11331 --- [           main] o.apache.catalina.core.StandardService   : Starting service [Tomcat]
2025-09-09T16:43:29.482+09:00  INFO 11331 --- [           main] o.apache.catalina.core.StandardEngine    : Starting Servlet engine: [Apache Tomcat/10.1.30]
2025-09-09T16:43:29.524+09:00  INFO 11331 --- [           main] o.a.c.c.C.[Tomcat].[localhost].[/]       : Initializing Spring embedded WebApplicationContext
2025-09-09T16:43:29.524+09:00  INFO 11331 --- [           main] w.s.c.ServletWebServerApplicationContext : Root WebApplicationContext: initialization completed in 1496 ms
2025-09-09T16:43:29.715+09:00  INFO 11331 --- [           main] o.hibernate.jpa.internal.util.LogHelper  : HHH000204: Processing PersistenceUnitInfo [name: default]
2025-09-09T16:43:29.786+09:00  INFO 11331 --- [           main] org.hibernate.Version                    : HHH000412: Hibernate ORM core version 6.5.3.Final
2025-09-09T16:43:29.815+09:00  INFO 11331 --- [           main] o.h.c.internal.RegionFactoryInitiator    : HHH000026: Second-level cache disabled
2025-09-09T16:43:30.088+09:00  INFO 11331 --- [           main] o.s.o.j.p.SpringPersistenceUnitInfo      : No LoadTimeWeaver setup: ignoring JPA class transformer
2025-09-09T16:43:30.123+09:00  INFO 11331 --- [           main] com.zaxxer.hikari.HikariDataSource       : HikariPool-1 - Starting...
2025-09-09T16:43:30.227+09:00  INFO 11331 --- [           main] com.zaxxer.hikari.pool.HikariPool        : HikariPool-1 - Added connection org.mariadb.jdbc.Connection@1216eb3f
2025-09-09T16:43:30.229+09:00  INFO 11331 --- [           main] com.zaxxer.hikari.HikariDataSource       : HikariPool-1 - Start completed.
2025-09-09T16:43:30.803+09:00  INFO 11331 --- [           main] o.h.e.t.j.p.i.JtaPlatformInitiator       : HHH000489: No JTA platform available (set 'hibernate.transaction.jta.platform' to enable JTA platform integration)
2025-09-09T16:43:30.823+09:00  INFO 11331 --- [           main] j.LocalContainerEntityManagerFactoryBean : Initialized JPA EntityManagerFactory for persistence unit 'default'
2025-09-09T16:43:31.203+09:00  WARN 11331 --- [           main] JpaBaseConfiguration$JpaWebConfiguration : spring.jpa.open-in-view is enabled by default. Therefore, database queries may be performed during view rendering. Explicitly configure spring.jpa.open-in-view to disable this warning
2025-09-09T16:43:31.696+09:00  INFO 11331 --- [           main] o.s.b.w.embedded.tomcat.TomcatWebServer  : Tomcat started on port 80 (http) with context path '/'
2025-09-09T16:43:31.724+09:00  INFO 11331 --- [           main] kr.goodee.StswebjpaApplication           : Started StswebjpaApplication in 4.18 seconds (process running for 4.848)

  .   ____          _            __ _ _
 /\\ / ___'_ __ _ _(_)_ __  __ _ \ \ \ \
( ( )\___ | '_ | '_| | '_ \/ _` | \ \ \ \
 \\/  ___)| |_)| | | | | || (_| |  ) ) ) )
  '  |____| .__|_| |_|_| |_\__, | / / / /
 =========|_|==============|___/=/_/_/_/

 :: Spring Boot ::                (v3.3.4)

2025-09-09T16:44:31.710+09:00  INFO 11402 --- [           main] kr.goodee.StswebjpaApplication           : Starting StswebjpaApplication v0.0.1-SNAPSHOT using Java 17.0.16 with PID 11402 (/home/sunny/stswebjpa/target/stswebjpa-0.0.1-SNAPSHOT.jar started by root in /home/sunny/stswebjpa)
2025-09-09T16:44:31.714+09:00  INFO 11402 --- [           main] kr.goodee.StswebjpaApplication           : No active profile set, falling back to 1 default profile: "default"
2025-09-09T16:44:32.537+09:00  INFO 11402 --- [           main] .s.d.r.c.RepositoryConfigurationDelegate : Bootstrapping Spring Data JPA repositories in DEFAULT mode.
2025-09-09T16:44:32.598+09:00  INFO 11402 --- [           main] .s.d.r.c.RepositoryConfigurationDelegate : Finished Spring Data repository scanning in 51 ms. Found 1 JPA repository interface.
2025-09-09T16:44:33.139+09:00  INFO 11402 --- [           main] o.s.b.w.embedded.tomcat.TomcatWebServer  : Tomcat initialized with port 80 (http)
2025-09-09T16:44:33.151+09:00  INFO 11402 --- [           main] o.apache.catalina.core.StandardService   : Starting service [Tomcat]
2025-09-09T16:44:33.151+09:00  INFO 11402 --- [           main] o.apache.catalina.core.StandardEngine    : Starting Servlet engine: [Apache Tomcat/10.1.30]
2025-09-09T16:44:33.183+09:00  INFO 11402 --- [           main] o.a.c.c.C.[Tomcat].[localhost].[/]       : Initializing Spring embedded WebApplicationContext
2025-09-09T16:44:33.184+09:00  INFO 11402 --- [           main] w.s.c.ServletWebServerApplicationContext : Root WebApplicationContext: initialization completed in 1407 ms
2025-09-09T16:44:33.352+09:00  INFO 11402 --- [           main] o.hibernate.jpa.internal.util.LogHelper  : HHH000204: Processing PersistenceUnitInfo [name: default]
2025-09-09T16:44:33.447+09:00  INFO 11402 --- [           main] org.hibernate.Version                    : HHH000412: Hibernate ORM core version 6.5.3.Final
2025-09-09T16:44:33.487+09:00  INFO 11402 --- [           main] o.h.c.internal.RegionFactoryInitiator    : HHH000026: Second-level cache disabled
2025-09-09T16:44:33.794+09:00  INFO 11402 --- [           main] o.s.o.j.p.SpringPersistenceUnitInfo      : No LoadTimeWeaver setup: ignoring JPA class transformer
2025-09-09T16:44:33.835+09:00  INFO 11402 --- [           main] com.zaxxer.hikari.HikariDataSource       : HikariPool-1 - Starting...
2025-09-09T16:44:33.933+09:00  INFO 11402 --- [           main] com.zaxxer.hikari.pool.HikariPool        : HikariPool-1 - Added connection org.mariadb.jdbc.Connection@69b3886f
2025-09-09T16:44:33.934+09:00  INFO 11402 --- [           main] com.zaxxer.hikari.HikariDataSource       : HikariPool-1 - Start completed.
2025-09-09T16:44:34.526+09:00  INFO 11402 --- [           main] o.h.e.t.j.p.i.JtaPlatformInitiator       : HHH000489: No JTA platform available (set 'hibernate.transaction.jta.platform' to enable JTA platform integration)
2025-09-09T16:44:34.549+09:00  INFO 11402 --- [           main] j.LocalContainerEntityManagerFactoryBean : Initialized JPA EntityManagerFactory for persistence unit 'default'
2025-09-09T16:44:34.887+09:00  WARN 11402 --- [           main] JpaBaseConfiguration$JpaWebConfiguration : spring.jpa.open-in-view is enabled by default. Therefore, database queries may be performed during view rendering. Explicitly configure spring.jpa.open-in-view to disable this warning
2025-09-09T16:44:35.314+09:00  WARN 11402 --- [           main] ConfigServletWebServerApplicationContext : Exception encountered during context initialization - cancelling refresh attempt: org.springframework.context.ApplicationContextException: Failed to start bean 'webServerStartStop'
2025-09-09T16:44:35.316+09:00  INFO 11402 --- [           main] j.LocalContainerEntityManagerFactoryBean : Closing JPA EntityManagerFactory for persistence unit 'default'
2025-09-09T16:44:35.317+09:00  INFO 11402 --- [           main] com.zaxxer.hikari.HikariDataSource       : HikariPool-1 - Shutdown initiated...
2025-09-09T16:44:35.322+09:00  INFO 11402 --- [           main] com.zaxxer.hikari.HikariDataSource       : HikariPool-1 - Shutdown completed.
2025-09-09T16:44:35.338+09:00  INFO 11402 --- [           main] .s.b.a.l.ConditionEvaluationReportLogger : 

Error starting ApplicationContext. To display the condition evaluation report re-run your application with 'debug' enabled.
2025-09-09T16:44:35.355+09:00 ERROR 11402 --- [           main] o.s.b.d.LoggingFailureAnalysisReporter   : 

***************************
APPLICATION FAILED TO START
***************************

Description:

Web server failed to start. Port 80 was already in use.

Action:

Identify and stop the process that's listening on port 80 or configure this application to listen on another port.


  .   ____          _            __ _ _
 /\\ / ___'_ __ _ _(_)_ __  __ _ \ \ \ \
( ( )\___ | '_ | '_| | '_ \/ _` | \ \ \ \
 \\/  ___)| |_)| | | | | || (_| |  ) ) ) )
  '  |____| .__|_| |_|_| |_\__, | / / / /
 =========|_|==============|___/=/_/_/_/

 :: Spring Boot ::                (v3.3.4)

2025-09-09T16:45:15.237+09:00  INFO 11457 --- [           main] kr.goodee.StswebjpaApplication           : Starting StswebjpaApplication v0.0.1-SNAPSHOT using Java 17.0.16 with PID 11457 (/home/sunny/stswebjpa/target/stswebjpa-0.0.1-SNAPSHOT.jar started by root in /home/sunny/stswebjpa)
2025-09-09T16:45:15.239+09:00  INFO 11457 --- [           main] kr.goodee.StswebjpaApplication           : No active profile set, falling back to 1 default profile: "default"
2025-09-09T16:45:15.951+09:00  INFO 11457 --- [           main] .s.d.r.c.RepositoryConfigurationDelegate : Bootstrapping Spring Data JPA repositories in DEFAULT mode.
2025-09-09T16:45:16.004+09:00  INFO 11457 --- [           main] .s.d.r.c.RepositoryConfigurationDelegate : Finished Spring Data repository scanning in 42 ms. Found 1 JPA repository interface.
2025-09-09T16:45:16.486+09:00  INFO 11457 --- [           main] o.s.b.w.embedded.tomcat.TomcatWebServer  : Tomcat initialized with port 80 (http)
2025-09-09T16:45:16.502+09:00  INFO 11457 --- [           main] o.apache.catalina.core.StandardService   : Starting service [Tomcat]
2025-09-09T16:45:16.502+09:00  INFO 11457 --- [           main] o.apache.catalina.core.StandardEngine    : Starting Servlet engine: [Apache Tomcat/10.1.30]
2025-09-09T16:45:16.538+09:00  INFO 11457 --- [           main] o.a.c.c.C.[Tomcat].[localhost].[/]       : Initializing Spring embedded WebApplicationContext
2025-09-09T16:45:16.539+09:00  INFO 11457 --- [           main] w.s.c.ServletWebServerApplicationContext : Root WebApplicationContext: initialization completed in 1244 ms
2025-09-09T16:45:16.695+09:00  INFO 11457 --- [           main] o.hibernate.jpa.internal.util.LogHelper  : HHH000204: Processing PersistenceUnitInfo [name: default]
2025-09-09T16:45:16.749+09:00  INFO 11457 --- [           main] org.hibernate.Version                    : HHH000412: Hibernate ORM core version 6.5.3.Final
2025-09-09T16:45:16.779+09:00  INFO 11457 --- [           main] o.h.c.internal.RegionFactoryInitiator    : HHH000026: Second-level cache disabled
2025-09-09T16:45:16.990+09:00  INFO 11457 --- [           main] o.s.o.j.p.SpringPersistenceUnitInfo      : No LoadTimeWeaver setup: ignoring JPA class transformer
2025-09-09T16:45:17.010+09:00  INFO 11457 --- [           main] com.zaxxer.hikari.HikariDataSource       : HikariPool-1 - Starting...
2025-09-09T16:45:17.087+09:00  INFO 11457 --- [           main] com.zaxxer.hikari.pool.HikariPool        : HikariPool-1 - Added connection org.mariadb.jdbc.Connection@7ab63838
2025-09-09T16:45:17.089+09:00  INFO 11457 --- [           main] com.zaxxer.hikari.HikariDataSource       : HikariPool-1 - Start completed.
2025-09-09T16:45:17.641+09:00  INFO 11457 --- [           main] o.h.e.t.j.p.i.JtaPlatformInitiator       : HHH000489: No JTA platform available (set 'hibernate.transaction.jta.platform' to enable JTA platform integration)
2025-09-09T16:45:17.659+09:00  INFO 11457 --- [           main] j.LocalContainerEntityManagerFactoryBean : Initialized JPA EntityManagerFactory for persistence unit 'default'
2025-09-09T16:45:17.985+09:00  WARN 11457 --- [           main] JpaBaseConfiguration$JpaWebConfiguration : spring.jpa.open-in-view is enabled by default. Therefore, database queries may be performed during view rendering. Explicitly configure spring.jpa.open-in-view to disable this warning
2025-09-09T16:45:18.383+09:00  WARN 11457 --- [           main] ConfigServletWebServerApplicationContext : Exception encountered during context initialization - cancelling refresh attempt: org.springframework.context.ApplicationContextException: Failed to start bean 'webServerStartStop'
2025-09-09T16:45:18.384+09:00  INFO 11457 --- [           main] j.LocalContainerEntityManagerFactoryBean : Closing JPA EntityManagerFactory for persistence unit 'default'
2025-09-09T16:45:18.386+09:00  INFO 11457 --- [           main] com.zaxxer.hikari.HikariDataSource       : HikariPool-1 - Shutdown initiated...
2025-09-09T16:45:18.394+09:00  INFO 11457 --- [           main] com.zaxxer.hikari.HikariDataSource       : HikariPool-1 - Shutdown completed.
2025-09-09T16:45:18.413+09:00  INFO 11457 --- [           main] .s.b.a.l.ConditionEvaluationReportLogger : 

Error starting ApplicationContext. To display the condition evaluation report re-run your application with 'debug' enabled.
2025-09-09T16:45:18.442+09:00 ERROR 11457 --- [           main] o.s.b.d.LoggingFailureAnalysisReporter   : 

***************************
APPLICATION FAILED TO START
***************************

Description:

Web server failed to start. Port 80 was already in use.

Action:

Identify and stop the process that's listening on port 80 or configure this application to listen on another port.


  .   ____          _            __ _ _
 /\\ / ___'_ __ _ _(_)_ __  __ _ \ \ \ \
( ( )\___ | '_ | '_| | '_ \/ _` | \ \ \ \
 \\/  ___)| |_)| | | | | || (_| |  ) ) ) )
  '  |____| .__|_| |_|_| |_\__, | / / / /
 =========|_|==============|___/=/_/_/_/

 :: Spring Boot ::                (v3.3.4)

2025-09-09T16:47:12.031+09:00  INFO 11568 --- [           main] kr.goodee.StswebjpaApplication           : Starting StswebjpaApplication v0.0.1-SNAPSHOT using Java 17.0.16 with PID 11568 (/home/sunny/stswebjpa/target/stswebjpa-0.0.1-SNAPSHOT.jar started by root in /home/sunny/stswebjpa)
2025-09-09T16:47:12.035+09:00  INFO 11568 --- [           main] kr.goodee.StswebjpaApplication           : No active profile set, falling back to 1 default profile: "default"
2025-09-09T16:47:12.701+09:00  INFO 11568 --- [           main] .s.d.r.c.RepositoryConfigurationDelegate : Bootstrapping Spring Data JPA repositories in DEFAULT mode.
2025-09-09T16:47:12.759+09:00  INFO 11568 --- [           main] .s.d.r.c.RepositoryConfigurationDelegate : Finished Spring Data repository scanning in 52 ms. Found 1 JPA repository interface.
2025-09-09T16:47:13.219+09:00  INFO 11568 --- [           main] o.s.b.w.embedded.tomcat.TomcatWebServer  : Tomcat initialized with port 80 (http)
2025-09-09T16:47:13.227+09:00  INFO 11568 --- [           main] o.apache.catalina.core.StandardService   : Starting service [Tomcat]
2025-09-09T16:47:13.228+09:00  INFO 11568 --- [           main] o.apache.catalina.core.StandardEngine    : Starting Servlet engine: [Apache Tomcat/10.1.30]
2025-09-09T16:47:13.255+09:00  INFO 11568 --- [           main] o.a.c.c.C.[Tomcat].[localhost].[/]       : Initializing Spring embedded WebApplicationContext
2025-09-09T16:47:13.255+09:00  INFO 11568 --- [           main] w.s.c.ServletWebServerApplicationContext : Root WebApplicationContext: initialization completed in 1166 ms
2025-09-09T16:47:13.404+09:00  INFO 11568 --- [           main] o.hibernate.jpa.internal.util.LogHelper  : HHH000204: Processing PersistenceUnitInfo [name: default]
2025-09-09T16:47:13.456+09:00  INFO 11568 --- [           main] org.hibernate.Version                    : HHH000412: Hibernate ORM core version 6.5.3.Final
2025-09-09T16:47:13.493+09:00  INFO 11568 --- [           main] o.h.c.internal.RegionFactoryInitiator    : HHH000026: Second-level cache disabled
2025-09-09T16:47:13.718+09:00  INFO 11568 --- [           main] o.s.o.j.p.SpringPersistenceUnitInfo      : No LoadTimeWeaver setup: ignoring JPA class transformer
2025-09-09T16:47:13.749+09:00  INFO 11568 --- [           main] com.zaxxer.hikari.HikariDataSource       : HikariPool-1 - Starting...
2025-09-09T16:47:13.876+09:00  INFO 11568 --- [           main] com.zaxxer.hikari.pool.HikariPool        : HikariPool-1 - Added connection org.mariadb.jdbc.Connection@1216eb3f
2025-09-09T16:47:13.877+09:00  INFO 11568 --- [           main] com.zaxxer.hikari.HikariDataSource       : HikariPool-1 - Start completed.
2025-09-09T16:47:14.380+09:00  INFO 11568 --- [           main] o.h.e.t.j.p.i.JtaPlatformInitiator       : HHH000489: No JTA platform available (set 'hibernate.transaction.jta.platform' to enable JTA platform integration)
2025-09-09T16:47:14.398+09:00  INFO 11568 --- [           main] j.LocalContainerEntityManagerFactoryBean : Initialized JPA EntityManagerFactory for persistence unit 'default'
2025-09-09T16:47:14.735+09:00  WARN 11568 --- [           main] JpaBaseConfiguration$JpaWebConfiguration : spring.jpa.open-in-view is enabled by default. Therefore, database queries may be performed during view rendering. Explicitly configure spring.jpa.open-in-view to disable this warning
2025-09-09T16:47:15.138+09:00  INFO 11568 --- [           main] o.s.b.w.embedded.tomcat.TomcatWebServer  : Tomcat started on port 80 (http) with context path '/'
2025-09-09T16:47:15.173+09:00  INFO 11568 --- [           main] kr.goodee.StswebjpaApplication           : Started StswebjpaApplication in 3.524 seconds (process running for 3.941)

  .   ____          _            __ _ _
 /\\ / ___'_ __ _ _(_)_ __  __ _ \ \ \ \
( ( )\___ | '_ | '_| | '_ \/ _` | \ \ \ \
 \\/  ___)| |_)| | | | | || (_| |  ) ) ) )
  '  |____| .__|_| |_|_| |_\__, | / / / /
 =========|_|==============|___/=/_/_/_/

 :: Spring Boot ::                (v3.3.4)

2025-09-09T16:48:34.507+09:00  INFO 11645 --- [           main] kr.goodee.StswebjpaApplication           : Starting StswebjpaApplication v0.0.1-SNAPSHOT using Java 17.0.16 with PID 11645 (/home/sunny/stswebjpa/target/stswebjpa-0.0.1-SNAPSHOT.jar started by root in /home/sunny/stswebjpa)
2025-09-09T16:48:34.510+09:00  INFO 11645 --- [           main] kr.goodee.StswebjpaApplication           : No active profile set, falling back to 1 default profile: "default"
2025-09-09T16:48:35.210+09:00  INFO 11645 --- [           main] .s.d.r.c.RepositoryConfigurationDelegate : Bootstrapping Spring Data JPA repositories in DEFAULT mode.
2025-09-09T16:48:35.265+09:00  INFO 11645 --- [           main] .s.d.r.c.RepositoryConfigurationDelegate : Finished Spring Data repository scanning in 48 ms. Found 1 JPA repository interface.
2025-09-09T16:48:35.736+09:00  INFO 11645 --- [           main] o.s.b.w.embedded.tomcat.TomcatWebServer  : Tomcat initialized with port 80 (http)
2025-09-09T16:48:35.749+09:00  INFO 11645 --- [           main] o.apache.catalina.core.StandardService   : Starting service [Tomcat]
2025-09-09T16:48:35.749+09:00  INFO 11645 --- [           main] o.apache.catalina.core.StandardEngine    : Starting Servlet engine: [Apache Tomcat/10.1.30]
2025-09-09T16:48:35.772+09:00  INFO 11645 --- [           main] o.a.c.c.C.[Tomcat].[localhost].[/]       : Initializing Spring embedded WebApplicationContext
2025-09-09T16:48:35.773+09:00  INFO 11645 --- [           main] w.s.c.ServletWebServerApplicationContext : Root WebApplicationContext: initialization completed in 1212 ms
2025-09-09T16:48:35.920+09:00  INFO 11645 --- [           main] o.hibernate.jpa.internal.util.LogHelper  : HHH000204: Processing PersistenceUnitInfo [name: default]
2025-09-09T16:48:35.955+09:00  INFO 11645 --- [           main] org.hibernate.Version                    : HHH000412: Hibernate ORM core version 6.5.3.Final
2025-09-09T16:48:35.997+09:00  INFO 11645 --- [           main] o.h.c.internal.RegionFactoryInitiator    : HHH000026: Second-level cache disabled
2025-09-09T16:48:36.199+09:00  INFO 11645 --- [           main] o.s.o.j.p.SpringPersistenceUnitInfo      : No LoadTimeWeaver setup: ignoring JPA class transformer
2025-09-09T16:48:36.216+09:00  INFO 11645 --- [           main] com.zaxxer.hikari.HikariDataSource       : HikariPool-1 - Starting...
2025-09-09T16:48:36.315+09:00  INFO 11645 --- [           main] com.zaxxer.hikari.pool.HikariPool        : HikariPool-1 - Added connection org.mariadb.jdbc.Connection@7bf018dd
2025-09-09T16:48:36.316+09:00  INFO 11645 --- [           main] com.zaxxer.hikari.HikariDataSource       : HikariPool-1 - Start completed.
2025-09-09T16:48:36.810+09:00  INFO 11645 --- [           main] o.h.e.t.j.p.i.JtaPlatformInitiator       : HHH000489: No JTA platform available (set 'hibernate.transaction.jta.platform' to enable JTA platform integration)
2025-09-09T16:48:36.828+09:00  INFO 11645 --- [           main] j.LocalContainerEntityManagerFactoryBean : Initialized JPA EntityManagerFactory for persistence unit 'default'
2025-09-09T16:48:37.149+09:00  WARN 11645 --- [           main] JpaBaseConfiguration$JpaWebConfiguration : spring.jpa.open-in-view is enabled by default. Therefore, database queries may be performed during view rendering. Explicitly configure spring.jpa.open-in-view to disable this warning
2025-09-09T16:48:37.567+09:00  INFO 11645 --- [           main] o.s.b.w.embedded.tomcat.TomcatWebServer  : Tomcat started on port 80 (http) with context path '/'
2025-09-09T16:48:37.588+09:00  INFO 11645 --- [           main] kr.goodee.StswebjpaApplication           : Started StswebjpaApplication in 3.448 seconds (process running for 3.867)

  .   ____          _            __ _ _
 /\\ / ___'_ __ _ _(_)_ __  __ _ \ \ \ \
( ( )\___ | '_ | '_| | '_ \/ _` | \ \ \ \
 \\/  ___)| |_)| | | | | || (_| |  ) ) ) )
  '  |____| .__|_| |_|_| |_\__, | / / / /
 =========|_|==============|___/=/_/_/_/

 :: Spring Boot ::                (v3.3.4)

2025-09-09T16:55:58.818+09:00  INFO 11738 --- [           main] kr.goodee.StswebjpaApplication           : Starting StswebjpaApplication v0.0.1-SNAPSHOT using Java 17.0.16 with PID 11738 (/home/sunny/stswebjpa/target/stswebjpa-0.0.1-SNAPSHOT.jar started by root in /home/sunny/stswebjpa)
2025-09-09T16:55:58.822+09:00  INFO 11738 --- [           main] kr.goodee.StswebjpaApplication           : No active profile set, falling back to 1 default profile: "default"
2025-09-09T16:55:59.624+09:00  INFO 11738 --- [           main] .s.d.r.c.RepositoryConfigurationDelegate : Bootstrapping Spring Data JPA repositories in DEFAULT mode.
2025-09-09T16:55:59.694+09:00  INFO 11738 --- [           main] .s.d.r.c.RepositoryConfigurationDelegate : Finished Spring Data repository scanning in 59 ms. Found 1 JPA repository interface.
2025-09-09T16:56:00.236+09:00  INFO 11738 --- [           main] o.s.b.w.embedded.tomcat.TomcatWebServer  : Tomcat initialized with port 80 (http)
2025-09-09T16:56:00.248+09:00  INFO 11738 --- [           main] o.apache.catalina.core.StandardService   : Starting service [Tomcat]
2025-09-09T16:56:00.248+09:00  INFO 11738 --- [           main] o.apache.catalina.core.StandardEngine    : Starting Servlet engine: [Apache Tomcat/10.1.30]
2025-09-09T16:56:00.279+09:00  INFO 11738 --- [           main] o.a.c.c.C.[Tomcat].[localhost].[/]       : Initializing Spring embedded WebApplicationContext
2025-09-09T16:56:00.279+09:00  INFO 11738 --- [           main] w.s.c.ServletWebServerApplicationContext : Root WebApplicationContext: initialization completed in 1394 ms
2025-09-09T16:56:00.463+09:00  INFO 11738 --- [           main] o.hibernate.jpa.internal.util.LogHelper  : HHH000204: Processing PersistenceUnitInfo [name: default]
2025-09-09T16:56:00.527+09:00  INFO 11738 --- [           main] org.hibernate.Version                    : HHH000412: Hibernate ORM core version 6.5.3.Final
2025-09-09T16:56:00.554+09:00  INFO 11738 --- [           main] o.h.c.internal.RegionFactoryInitiator    : HHH000026: Second-level cache disabled
2025-09-09T16:56:00.866+09:00  INFO 11738 --- [           main] o.s.o.j.p.SpringPersistenceUnitInfo      : No LoadTimeWeaver setup: ignoring JPA class transformer
2025-09-09T16:56:00.911+09:00  INFO 11738 --- [           main] com.zaxxer.hikari.HikariDataSource       : HikariPool-1 - Starting...
2025-09-09T16:56:01.018+09:00  INFO 11738 --- [           main] com.zaxxer.hikari.pool.HikariPool        : HikariPool-1 - Added connection org.mariadb.jdbc.Connection@2ad7bd26
2025-09-09T16:56:01.020+09:00  INFO 11738 --- [           main] com.zaxxer.hikari.HikariDataSource       : HikariPool-1 - Start completed.
2025-09-09T16:56:01.613+09:00  INFO 11738 --- [           main] o.h.e.t.j.p.i.JtaPlatformInitiator       : HHH000489: No JTA platform available (set 'hibernate.transaction.jta.platform' to enable JTA platform integration)
2025-09-09T16:56:01.637+09:00  INFO 11738 --- [           main] j.LocalContainerEntityManagerFactoryBean : Initialized JPA EntityManagerFactory for persistence unit 'default'
2025-09-09T16:56:02.004+09:00  WARN 11738 --- [           main] JpaBaseConfiguration$JpaWebConfiguration : spring.jpa.open-in-view is enabled by default. Therefore, database queries may be performed during view rendering. Explicitly configure spring.jpa.open-in-view to disable this warning
2025-09-09T16:56:02.452+09:00  INFO 11738 --- [           main] o.s.b.w.embedded.tomcat.TomcatWebServer  : Tomcat started on port 80 (http) with context path '/'
2025-09-09T16:56:02.486+09:00  INFO 11738 --- [           main] kr.goodee.StswebjpaApplication           : Started StswebjpaApplication in 4.091 seconds (process running for 4.791)
